[10-Jan-2026 10:57:03 Africa/Cairo] ℹ️ لم يمر 24 ساعة بعد آخر نسخة احتياطية - متبقي: 3.19 ساعة
[10-Jan-2026 10:57:03 Africa/Cairo] Auth API - checkAuth called
[10-Jan-2026 10:57:03 Africa/Cairo] Auth API - Session status before start: 2
[10-Jan-2026 10:57:03 Africa/Cairo] Auth API - Cookies received: {"PHPSESSID":"f3ee19989ed4bff79e6aae08a1911475","PHPSESSDATA":"eyJkYXRhIjoiZGJfc2V0dXBfY2hlY2tlZHxiOjE7c3lzdGVtX2luaXRpYWxpemVkfGI6MTt1c2VyX2lkfHM6MTY6XCJhZG1pbl8xNzY2MDQ1MjQwXCI7dXNlcm5hbWV8czoxOlwiMVwiO25hbWV8czoyMzpcIlx1MDY0NVwvIFx1MDYzOVx1MDY0NFx1MDYyN1x1MDYyMSBcdTA2MzJcdTA2NGFcdTA2MmZcdTA2MjdcdTA2NDZcIjtyb2xlfHM6NTpcImFkbWluXCI7YnJhbmNoX2lkfE47Y3NyZl90b2tlbnxzOjY0OlwiMGM3ZDQ3NDEyYmEyYjQ0ZGNjMWRjMjlhOGVhMmM5NTgzMTk5M2I1ODZjMmUxNzIxYmZmZDAzMzdjMTg5MmZlNVwiO2FwaV90b2tlbnN8YToxOntpOjA7YTozOntzOjU6XCJ0b2tlblwiO3M6MTg4OlwiTVRjMk56azBOall6T0h3d09UUmpNRGhqWTJNMll6a3pNREl5WmpZNE1qQmxPVFl4TWpnMVpESXlOM3hpWmpka04yWTRNMkUyWkRKa056aGtNbVUzWWpGaE56VmhOelkzWXpSaU9YdzRNamRpWTJJd05tTmtObVZsWmpSaVpEUXlaV1E0WXpBM1lqRmtOV0ZsWVdOaFl6RXhOekE1TW1JM01HSXlPVGhoT1RFMU56TmtaRGhqTmpnNU4yWTVcIjtzOjk6XCJ0aW1lc3RhbXBcIjtpOjE3Njc5NDY2Mzg7czo0OlwidXNlZFwiO2I6MDt9fSIsImV4cGlyZXMiOjE3NjgxMjE3MjZ9"}
[10-Jan-2026 10:57:03 Africa/Cairo] Auth API - Session already active. Session ID: f3ee19989ed4bff79e6aae08a1911475
[10-Jan-2026 10:57:03 Africa/Cairo] Auth API - Session status after start: 2
[10-Jan-2026 10:57:03 Africa/Cairo] Auth API - Session data: {"db_setup_checked":true,"system_initialized":true,"user_id":"admin_1766045240","username":"1","name":"\u0645\/ \u0639\u0644\u0627\u0621 \u0632\u064a\u062f\u0627\u0646","role":"admin","branch_id":null,"csrf_token":"0c7d47412ba2b44dcc1dc29a8ea2c95831993b586c2e1721bffd0337c1892fe5","api_tokens":[{"token":"MTc2Nzk0NjYzOHwwOTRjMDhjY2M2YzkzMDIyZjY4MjBlOTYxMjg1ZDIyN3xiZjdkN2Y4M2E2ZDJkNzhkMmU3YjFhNzVhNzY3YzRiOXw4MjdiY2IwNmNkNmVlZjRiZDQyZWQ4YzA3YjFkNWFlYWNhYzExNzA5MmI3MGIyOThhOTE1NzNkZDhjNjg5N2Y5","timestamp":1767946638,"used":false}]}
[10-Jan-2026 10:57:03 Africa/Cairo] Auth API - User ID found in session: admin_1766045240
[10-Jan-2026 10:57:03 Africa/Cairo] Auth API - Returning user data: id=admin_1766045240, username=1, role=admin
[10-Jan-2026 10:57:03 Africa/Cairo] CookieSessionHandler - write() called for session_id: f3ee19989ed4bff79e6aae08a1911475
[10-Jan-2026 10:57:03 Africa/Cairo] CookieSessionHandler - session_data length: 521
[10-Jan-2026 10:57:03 Africa/Cairo] CookieSessionHandler - session_data preview (first 200 chars): db_setup_checked|b:1;system_initialized|b:1;user_id|s:16:"admin_1766045240";username|s:1:"1";name|s:23:"م/ علاء زيدان";role|s:5:"admin";branch_id|N;csrf_token|s:64:"0c7d47412ba2b44dcc1dc29a8
[10-Jan-2026 10:57:03 Africa/Cairo] CookieSessionHandler - ✅ User data found in session_data
[10-Jan-2026 10:57:03 Africa/Cairo] CookieSessionHandler - ❌ ERROR: Headers already sent at C:\Users\7mo Ashraf\Desktop\zidan\api\config.php:558 - Cannot save session to cookies!
[10-Jan-2026 10:57:03 Africa/Cairo] ℹ️ لم يمر 24 ساعة بعد آخر نسخة احتياطية - متبقي: 3.19 ساعة
[10-Jan-2026 10:57:03 Africa/Cairo] CookieSessionHandler - write() called for session_id: f3ee19989ed4bff79e6aae08a1911475
[10-Jan-2026 10:57:03 Africa/Cairo] CookieSessionHandler - session_data length: 521
[10-Jan-2026 10:57:03 Africa/Cairo] CookieSessionHandler - session_data preview (first 200 chars): db_setup_checked|b:1;system_initialized|b:1;user_id|s:16:"admin_1766045240";username|s:1:"1";name|s:23:"م/ علاء زيدان";role|s:5:"admin";branch_id|N;csrf_token|s:64:"0c7d47412ba2b44dcc1dc29a8
[10-Jan-2026 10:57:03 Africa/Cairo] CookieSessionHandler - ✅ User data found in session_data
[10-Jan-2026 10:57:03 Africa/Cairo] CookieSessionHandler - Headers not sent, proceeding to save session to cookies...
[10-Jan-2026 10:57:03 Africa/Cairo] CookieSessionHandler - setcookie() result: SUCCESS
[10-Jan-2026 10:57:03 Africa/Cairo] CookieSessionHandler - write() completed successfully for session_id: f3ee19989ed4bff79e6aae08a1911475
[10-Jan-2026 11:00:16 Africa/Cairo] ℹ️ لم يمر 24 ساعة بعد آخر نسخة احتياطية - متبقي: 3.13 ساعة
[10-Jan-2026 11:00:17 Africa/Cairo] CookieSessionHandler - write() called for session_id: f3ee19989ed4bff79e6aae08a1911475
[10-Jan-2026 11:00:17 Africa/Cairo] CookieSessionHandler - session_data length: 521
[10-Jan-2026 11:00:17 Africa/Cairo] CookieSessionHandler - session_data preview (first 200 chars): db_setup_checked|b:1;system_initialized|b:1;user_id|s:16:"admin_1766045240";username|s:1:"1";name|s:23:"م/ علاء زيدان";role|s:5:"admin";branch_id|N;csrf_token|s:64:"0c7d47412ba2b44dcc1dc29a8
[10-Jan-2026 11:00:17 Africa/Cairo] CookieSessionHandler - ✅ User data found in session_data
[10-Jan-2026 11:00:17 Africa/Cairo] CookieSessionHandler - ❌ ERROR: Headers already sent at C:\Users\7mo Ashraf\Desktop\zidan\api\config.php:558 - Cannot save session to cookies!
